mode: atomic
github.com/RichardKnop/go-fixtures/load.go:13.53,15.2 1 0
github.com/RichardKnop/go-fixtures/load.go:18.55,20.2 1 4
github.com/RichardKnop/go-fixtures/load.go:23.57,26.52 2 18
github.com/RichardKnop/go-fixtures/load.go:31.2,32.16 2 18
github.com/RichardKnop/go-fixtures/load.go:37.2,37.27 1 18
github.com/RichardKnop/go-fixtures/load.go:108.2,108.36 1 18
github.com/RichardKnop/go-fixtures/load.go:113.2,113.12 1 18
github.com/RichardKnop/go-fixtures/load.go:26.52,28.3 1 0
github.com/RichardKnop/go-fixtures/load.go:32.16,34.3 1 0
github.com/RichardKnop/go-fixtures/load.go:37.27,47.24 3 38
github.com/RichardKnop/go-fixtures/load.go:50.3,52.17 3 38
github.com/RichardKnop/go-fixtures/load.go:57.3,57.17 1 38
github.com/RichardKnop/go-fixtures/load.go:47.24,49.4 1 0
github.com/RichardKnop/go-fixtures/load.go:52.17,55.4 2 0
github.com/RichardKnop/go-fixtures/load.go:57.17,65.25 2 20
github.com/RichardKnop/go-fixtures/load.go:68.4,69.18 2 20
github.com/RichardKnop/go-fixtures/load.go:73.4,73.73 1 20
github.com/RichardKnop/go-fixtures/load.go:65.25,67.5 1 0
github.com/RichardKnop/go-fixtures/load.go:69.18,72.5 2 0
github.com/RichardKnop/go-fixtures/load.go:73.73,75.19 2 8
github.com/RichardKnop/go-fixtures/load.go:75.19,78.6 2 0
github.com/RichardKnop/go-fixtures/load.go:80.4,88.25 2 18
github.com/RichardKnop/go-fixtures/load.go:91.4,93.18 3 18
github.com/RichardKnop/go-fixtures/load.go:97.4,97.73 1 18
github.com/RichardKnop/go-fixtures/load.go:88.25,90.5 1 0
github.com/RichardKnop/go-fixtures/load.go:93.18,96.5 2 0
github.com/RichardKnop/go-fixtures/load.go:97.73,99.19 2 7
github.com/RichardKnop/go-fixtures/load.go:99.19,102.6 2 0
github.com/RichardKnop/go-fixtures/load.go:108.36,111.3 2 0
github.com/RichardKnop/go-fixtures/load.go:117.65,120.16 2 18
github.com/RichardKnop/go-fixtures/load.go:125.2,125.31 1 14
github.com/RichardKnop/go-fixtures/load.go:120.16,122.3 1 4
github.com/RichardKnop/go-fixtures/load.go:129.69,130.37 1 6
github.com/RichardKnop/go-fixtures/load.go:135.2,135.12 1 4
github.com/RichardKnop/go-fixtures/load.go:130.37,131.56 1 12
github.com/RichardKnop/go-fixtures/load.go:131.56,133.4 1 2
github.com/RichardKnop/go-fixtures/load.go:139.75,146.16 3 15
github.com/RichardKnop/go-fixtures/load.go:150.2,150.20 1 15
github.com/RichardKnop/go-fixtures/load.go:156.2,160.12 2 0
github.com/RichardKnop/go-fixtures/load.go:146.16,148.3 1 0
github.com/RichardKnop/go-fixtures/load.go:150.20,153.3 1 15
github.com/RichardKnop/go-fixtures/row.go:32.24,47.28 12 39
github.com/RichardKnop/go-fixtures/row.go:51.2,54.35 4 39
github.com/RichardKnop/go-fixtures/row.go:58.2,61.31 2 39
github.com/RichardKnop/go-fixtures/row.go:71.2,71.37 1 39
github.com/RichardKnop/go-fixtures/row.go:47.28,50.3 2 48
github.com/RichardKnop/go-fixtures/row.go:54.35,57.3 2 108
github.com/RichardKnop/go-fixtures/row.go:61.31,68.3 6 48
github.com/RichardKnop/go-fixtures/row.go:71.37,73.30 2 108
github.com/RichardKnop/go-fixtures/row.go:79.3,79.30 1 77
github.com/RichardKnop/go-fixtures/row.go:85.3,88.68 4 46
github.com/RichardKnop/go-fixtures/row.go:73.30,77.12 4 31
github.com/RichardKnop/go-fixtures/row.go:79.30,83.12 4 31
github.com/RichardKnop/go-fixtures/row.go:93.46,95.2 1 119
github.com/RichardKnop/go-fixtures/row.go:98.46,100.2 1 39
github.com/RichardKnop/go-fixtures/row.go:103.45,105.49 2 31
github.com/RichardKnop/go-fixtures/row.go:108.2,108.23 1 31
github.com/RichardKnop/go-fixtures/row.go:105.49,107.3 1 101
github.com/RichardKnop/go-fixtures/row.go:112.45,114.49 2 30
github.com/RichardKnop/go-fixtures/row.go:117.2,117.23 1 30
github.com/RichardKnop/go-fixtures/row.go:114.49,116.3 1 99
github.com/RichardKnop/go-fixtures/row.go:121.49,123.2 1 20
github.com/RichardKnop/go-fixtures/row.go:126.49,128.2 1 18
github.com/RichardKnop/go-fixtures/row.go:131.63,133.52 2 22
github.com/RichardKnop/go-fixtures/row.go:140.2,140.21 1 22
github.com/RichardKnop/go-fixtures/row.go:133.52,134.31 1 74
github.com/RichardKnop/go-fixtures/row.go:134.31,136.4 1 37
github.com/RichardKnop/go-fixtures/row.go:136.4,138.4 1 37
github.com/RichardKnop/go-fixtures/row.go:144.63,146.43 2 20
github.com/RichardKnop/go-fixtures/row.go:153.2,153.21 1 20
github.com/RichardKnop/go-fixtures/row.go:146.43,147.31 1 66
github.com/RichardKnop/go-fixtures/row.go:147.31,149.4 1 33
github.com/RichardKnop/go-fixtures/row.go:149.4,151.4 1 33
github.com/RichardKnop/go-fixtures/row.go:157.55,160.34 3 57
github.com/RichardKnop/go-fixtures/row.go:168.2,168.38 1 57
github.com/RichardKnop/go-fixtures/row.go:160.34,161.31 1 70
github.com/RichardKnop/go-fixtures/row.go:166.3,166.6 1 70
github.com/RichardKnop/go-fixtures/row.go:161.31,163.4 1 36
github.com/RichardKnop/go-fixtures/row.go:163.4,165.4 1 34
github.com/RichardKnop/go-fixtures/row.go:172.45,174.2 1 57
